<?xml version="1.0" encoding="UTF-8"?>
<testng-results skipped="0" failed="0" total="1" passed="1">
  <reporter-output>
  </reporter-output>
  <suite name="Default suite" duration-ms="1548" started-at="2014-03-11T11:25:14Z" finished-at="2014-03-11T11:25:15Z">
    <groups>
    </groups>
    <test name="Default test" duration-ms="1548" started-at="2014-03-11T11:25:14Z" finished-at="2014-03-11T11:25:15Z">
      <class name="com.xchanging.metricsdashboard.metricsdashboard.GetAvgUsingJsonObject">
        <test-method status="PASS" signature="getProjects()[pri:0, instance:com.xchanging.metricsdashboard.metricsdashboard.GetAvgUsingJsonObject@329f14c3]" name="getProjects" duration-ms="1536" started-at="2014-03-11T11:25:14Z" finished-at="2014-03-11T11:25:15Z">
          <reporter-output>
          </reporter-output>
        </test-method> <!-- getProjects -->
      </class> <!-- com.xchanging.metricsdashboard.metricsdashboard.GetAvgUsingJsonObject -->
    </test> <!-- Default test -->
  </suite> <!-- Default suite -->
</testng-results>
